<?xml version="1.0" encoding="UTF-8"?>
<!-- Generated by org.testng.reporters.JUnitXMLReporter -->
<testsuite ignored="0" hostname="ani-HP-EB" failures="2" tests="6" name="Test" time="0.103" errors="0" timestamp="2022-03-15T21:13:21 IST">
  <testcase classname="testNG.TestNGListenerDemo" name="test1" time="0.012"/>
  <testcase classname="testNG.TestNGListenerDemo" name="test2" time="0.004">
    <failure type="java.lang.AssertionError" message="expected:&amp;lt;1&amp;gt; but was:&amp;lt;2&amp;gt;">
      <![CDATA[java.lang.AssertionError: expected:<1> but was:<2>
at testNG.TestNGListenerDemo.test2(TestNGListenerDemo.java:25)
at java.base/java.util.ArrayList.forEach(ArrayList.java:1541)
... Removed 29 stack frames]]>
    </failure>
  </testcase> <!-- test2 -->
  <testcase classname="testNG.TestNGListenerDemo" name="test3" time="0.002">
    <skipped/>
  </testcase> <!-- test3 -->
  <testcase classname="testNG.TestNGListenerDemo2" name="test4" time="0.002"/>
  <testcase classname="testNG.TestNGListenerDemo2" name="test5" time="0.006">
    <failure type="java.lang.AssertionError" message="expected [2] but found [1]">
      <![CDATA[java.lang.AssertionError: expected [2] but found [1]
at testNG.TestNGListenerDemo2.test5(TestNGListenerDemo2.java:21)
at java.base/java.util.ArrayList.forEach(ArrayList.java:1541)
... Removed 32 stack frames]]>
    </failure>
  </testcase> <!-- test5 -->
  <testcase classname="testNG.TestNGListenerDemo2" name="test6" time="0.003">
    <skipped/>
  </testcase> <!-- test6 -->
</testsuite> <!-- Test -->
